Connection established to port 12345
Message sent to port 12345: LIST
List operation started
Message received from port 12345: null
ERROR: Connection closed by the Controller
List operation failed
Message sent to port 12345: STORE file1.txt 13
Store operation started for file file1.txt
Message received from port 12345: null
ERROR: Connection closed by the Controller
Message sent to port 12345: STORE file1.txt 13
Store operation started for file file1.txt
Message received from port 12345: null
ERROR: Connection closed by the Controller
Message sent to port 12345: LIST
List operation started
Message received from port 12345: null
ERROR: Connection closed by the Controller
List operation failed
Message sent to port 12345: LIST
List operation started
Message received from port 12345: null
ERROR: Connection closed by the Controller
List operation failed
Connection established to port 12345
Connection established to port 12345
Connection established to port 12345
Connection established to port 12345
Connection established to port 12345
Connection established to port 12345
Connection established to port 12345
Connection established to port 12345
Connection established to port 12345
Connection established to port 12345
Message sent to port 12345: LIST
Message sent to port 12345: LIST
Message sent to port 12345: LIST
List operation started
Message sent to port 12345: LIST
Message sent to port 12345: LIST
Message sent to port 12345: LIST
Message sent to port 12345: LIST
List operation started
Message sent to port 12345: LIST
List operation started
Message received from port 12345: null
Message sent to port 12345: LIST
List operation started
Message sent to port 12345: LIST
Message received from port 12345: null
List operation started
List operation started
Message received from port 12345: null
List operation started
List operation started
Message received from port 12345: null
ERROR: Connection closed by the Controller
List operation started
Message received from port 12345: null
List operation started
ERROR: Connection closed by the Controller
Message received from port 12345: null
ERROR: Connection closed by the Controller
Message received from port 12345: null
Message received from port 12345: null
ERROR: Connection closed by the Controller
List operation failed
Message received from port 12345: null
ERROR: Connection closed by the Controller
ERROR: Connection closed by the Controller
Message received from port 12345: null
List operation failed
ERROR: Connection closed by the Controller
List operation failed
ERROR: Connection closed by the Controller
ERROR: Connection closed by the Controller
List operation failed
List operation failed
List operation failed
ERROR: Connection closed by the Controller
List operation failed
List operation failed
List operation failed
List operation failed
