Connection established to port 12345
Message sent to port 12345: LIST
List operation started
Message received from port 12345: LIST
List operation successfully completed
Message sent to port 12345: STORE file1.txt 13
Store operation started for file file1.txt
Message received from port 12345: STORE_TO 12347 12346 12348
Controller replied to store file1.txt in these Dstores: 12347 12346 12348 
Connection established to port 12347
Message sent to port 12347: STORE file1.txt 13
Storing file file1.txt to Dstore 12347
Message received from port 12347: ACK
ACK received from Dstore 12347 to store file file1.txt
Store of file file1.txt to Dstore 12347 successfully completed
Connection established to port 12346
Message sent to port 12346: STORE file1.txt 13
Storing file file1.txt to Dstore 12346
Message received from port 12346: ACK
ACK received from Dstore 12346 to store file file1.txt
Store of file file1.txt to Dstore 12346 successfully completed
Connection established to port 12348
Message sent to port 12348: STORE file1.txt 13
Storing file file1.txt to Dstore 12348
Message received from port 12348: ACK
ACK received from Dstore 12348 to store file file1.txt
Store of file file1.txt to Dstore 12348 successfully completed
Message received from port 12345: STORE_COMPLETE
Store operation for file file1.txt completed
Message sent to port 12345: STORE file1.txt 13
Store operation started for file file1.txt
Message received from port 12345: ERROR_FILE_ALREADY_EXISTS
File to store file1.txt already exists in the data store
Message sent to port 12345: STORE file2.txt 18
Store operation started for file file2.txt
Message received from port 12345: STORE_TO 12347 12346 12348
Controller replied to store file2.txt in these Dstores: 12347 12346 12348 
Connection established to port 12347
Message sent to port 12347: STORE file2.txt 18
Storing file file2.txt to Dstore 12347
Message received from port 12347: ACK
ACK received from Dstore 12347 to store file file2.txt
Store of file file2.txt to Dstore 12347 successfully completed
Connection established to port 12346
Message sent to port 12346: STORE file2.txt 18
Storing file file2.txt to Dstore 12346
Message received from port 12346: ACK
ACK received from Dstore 12346 to store file file2.txt
Store of file file2.txt to Dstore 12346 successfully completed
Connection established to port 12348
Message sent to port 12348: STORE file2.txt 18
Storing file file2.txt to Dstore 12348
Message received from port 12348: ACK
ACK received from Dstore 12348 to store file file2.txt
Store of file file2.txt to Dstore 12348 successfully completed
Message received from port 12345: STORE_COMPLETE
Store operation for file file2.txt completed
Message sent to port 12345: LIST
List operation started
Message received from port 12345: LIST file1.txt file2.txt
List operation successfully completed
Message sent to port 12345: LOAD file1.txt
Load operation for file file1.txt started
Message received from port 12345: LOAD_FROM 12347 1024
Controller replied to load file file1.txt (size: 1024 bytes) from Dstore 12347
Connection established to port 12347
Message sent to port 12347: LOAD_DATA file1.txt
Loading file file1.txt from Dstore 12347
Load operation for file file1.txt from Dstore 12347 failed
Message sent to port 12345: RELOAD file1.txt
Retrying to load file file1.txt
Message received from port 12345: LOAD_FROM 12346 1024
Controller replied to load file file1.txt (size: 1024 bytes) from Dstore 12346
Connection established to port 12346
Message sent to port 12346: LOAD_DATA file1.txt
Loading file file1.txt from Dstore 12346
Load operation for file file1.txt from Dstore 12346 failed
Message sent to port 12345: RELOAD file1.txt
Retrying to load file file1.txt
Message received from port 12345: LOAD_FROM 12348 1024
Controller replied to load file file1.txt (size: 1024 bytes) from Dstore 12348
Connection established to port 12348
Message sent to port 12348: LOAD_DATA file1.txt
Loading file file1.txt from Dstore 12348
Load operation for file file1.txt from Dstore 12348 failed
Message sent to port 12345: RELOAD file1.txt
Retrying to load file file1.txt
Message received from port 12345: LOAD_FROM 12347 1024
Controller replied to load file file1.txt (size: 1024 bytes) from Dstore 12347
Connection established to port 12347
Message sent to port 12347: LOAD_DATA file1.txt
Loading file file1.txt from Dstore 12347
Load operation for file file1.txt from Dstore 12347 failed
Message sent to port 12345: RELOAD file1.txt
Retrying to load file file1.txt
Message received from port 12345: LOAD_FROM 12348 1024
Controller replied to load file file1.txt (size: 1024 bytes) from Dstore 12348
Connection established to port 12348
Message sent to port 12348: LOAD_DATA file1.txt
Loading file file1.txt from Dstore 12348
Load operation for file file1.txt from Dstore 12348 failed
Message sent to port 12345: RELOAD file1.txt
Retrying to load file file1.txt
Message received from port 12345: LOAD_FROM 12347 1024
Controller replied to load file file1.txt (size: 1024 bytes) from Dstore 12347
Connection established to port 12347
Message sent to port 12347: LOAD_DATA file1.txt
Loading file file1.txt from Dstore 12347
Load operation for file file1.txt from Dstore 12347 failed
Message sent to port 12345: RELOAD file1.txt
Retrying to load file file1.txt
Message received from port 12345: LOAD_FROM 12348 1024
Controller replied to load file file1.txt (size: 1024 bytes) from Dstore 12348
Connection established to port 12348
Message sent to port 12348: LOAD_DATA file1.txt
Loading file file1.txt from Dstore 12348
Load operation for file file1.txt from Dstore 12348 failed
Message sent to port 12345: RELOAD file1.txt
Retrying to load file file1.txt
Message received from port 12345: LOAD_FROM 12347 1024
Controller replied to load file file1.txt (size: 1024 bytes) from Dstore 12347
Connection established to port 12347
Message sent to port 12347: LOAD_DATA file1.txt
Loading file file1.txt from Dstore 12347
Load operation for file file1.txt from Dstore 12347 failed
Message sent to port 12345: RELOAD file1.txt
Retrying to load file file1.txt
Message received from port 12345: LOAD_FROM 12348 1024
Controller replied to load file file1.txt (size: 1024 bytes) from Dstore 12348
Connection established to port 12348
Message sent to port 12348: LOAD_DATA file1.txt
Loading file file1.txt from Dstore 12348
Load operation for file file1.txt from Dstore 12348 failed
Message sent to port 12345: RELOAD file1.txt
Retrying to load file file1.txt
Message received from port 12345: LOAD_FROM 12346 1024
Controller replied to load file file1.txt (size: 1024 bytes) from Dstore 12346
Connection established to port 12346
Message sent to port 12346: LOAD_DATA file1.txt
Loading file file1.txt from Dstore 12346
Load operation for file file1.txt from Dstore 12346 failed
ERROR: 10 Dstores contacted without succeeding, LOAD operation failed
Message sent to port 12345: LOAD file2.txt
Load operation for file file2.txt started
Message received from port 12345: LOAD_FROM 12346 1024
Controller replied to load file file2.txt (size: 1024 bytes) from Dstore 12346
Connection established to port 12346
Message sent to port 12346: LOAD_DATA file2.txt
Loading file file2.txt from Dstore 12346
Load operation for file file2.txt from Dstore 12346 failed
Message sent to port 12345: RELOAD file2.txt
Retrying to load file file2.txt
Message received from port 12345: LOAD_FROM 12347 1024
Controller replied to load file file2.txt (size: 1024 bytes) from Dstore 12347
Connection established to port 12347
Message sent to port 12347: LOAD_DATA file2.txt
Loading file file2.txt from Dstore 12347
Load operation for file file2.txt from Dstore 12347 failed
Message sent to port 12345: RELOAD file2.txt
Retrying to load file file2.txt
Message received from port 12345: LOAD_FROM 12348 1024
Controller replied to load file file2.txt (size: 1024 bytes) from Dstore 12348
Connection established to port 12348
Message sent to port 12348: LOAD_DATA file2.txt
Loading file file2.txt from Dstore 12348
Load operation for file file2.txt from Dstore 12348 failed
Message sent to port 12345: RELOAD file2.txt
Retrying to load file file2.txt
Message received from port 12345: LOAD_FROM 12347 1024
Controller replied to load file file2.txt (size: 1024 bytes) from Dstore 12347
Connection established to port 12347
Message sent to port 12347: LOAD_DATA file2.txt
Loading file file2.txt from Dstore 12347
Load operation for file file2.txt from Dstore 12347 failed
Message sent to port 12345: RELOAD file2.txt
Retrying to load file file2.txt
Message received from port 12345: LOAD_FROM 12348 1024
Controller replied to load file file2.txt (size: 1024 bytes) from Dstore 12348
Connection established to port 12348
Message sent to port 12348: LOAD_DATA file2.txt
Loading file file2.txt from Dstore 12348
Load operation for file file2.txt from Dstore 12348 failed
Message sent to port 12345: RELOAD file2.txt
Retrying to load file file2.txt
Message received from port 12345: LOAD_FROM 12346 1024
Controller replied to load file file2.txt (size: 1024 bytes) from Dstore 12346
Connection established to port 12346
Message sent to port 12346: LOAD_DATA file2.txt
Loading file file2.txt from Dstore 12346
Load operation for file file2.txt from Dstore 12346 failed
Message sent to port 12345: RELOAD file2.txt
Retrying to load file file2.txt
Message received from port 12345: LOAD_FROM 12348 1024
Controller replied to load file file2.txt (size: 1024 bytes) from Dstore 12348
Connection established to port 12348
Message sent to port 12348: LOAD_DATA file2.txt
Loading file file2.txt from Dstore 12348
Load operation for file file2.txt from Dstore 12348 failed
Message sent to port 12345: RELOAD file2.txt
Retrying to load file file2.txt
Message received from port 12345: LOAD_FROM 12347 1024
Controller replied to load file file2.txt (size: 1024 bytes) from Dstore 12347
Connection established to port 12347
Message sent to port 12347: LOAD_DATA file2.txt
Loading file file2.txt from Dstore 12347
Load operation for file file2.txt from Dstore 12347 failed
Message sent to port 12345: RELOAD file2.txt
Retrying to load file file2.txt
Message received from port 12345: LOAD_FROM 12348 1024
Controller replied to load file file2.txt (size: 1024 bytes) from Dstore 12348
Connection established to port 12348
Message sent to port 12348: LOAD_DATA file2.txt
Loading file file2.txt from Dstore 12348
Load operation for file file2.txt from Dstore 12348 failed
Message sent to port 12345: RELOAD file2.txt
Retrying to load file file2.txt
Message received from port 12345: LOAD_FROM 12346 1024
Controller replied to load file file2.txt (size: 1024 bytes) from Dstore 12346
Connection established to port 12346
Message sent to port 12346: LOAD_DATA file2.txt
Loading file file2.txt from Dstore 12346
Load operation for file file2.txt from Dstore 12346 failed
ERROR: 10 Dstores contacted without succeeding, LOAD operation failed
Message sent to port 12345: REMOVE file1.txt
Remove operation for file file1.txt started
Message received from port 12345: REMOVE_COMPLETE
Remove operation for file file1.txt successfully completed
Message sent to port 12345: REMOVE file2.txt
Remove operation for file file2.txt started
Message received from port 12345: REMOVE_COMPLETE
Remove operation for file file2.txt successfully completed
Message sent to port 12345: REMOVE file1.txt
Remove operation for file file1.txt started
Message received from port 12345: ERROR_FILE_DOES_NOT_EXIST
Remove operation failed because file does not exist (filename: file1.txt)
Message sent to port 12345: LIST
List operation started
Message received from port 12345: LIST
List operation successfully completed
Connection established to port 12345
Connection established to port 12345
Connection established to port 12345
Connection established to port 12345
Connection established to port 12345
Connection established to port 12345
Connection established to port 12345
Message sent to port 12345: STORE file1.txt 13
Message sent to port 12345: STORE file1.txt 13
Connection established to port 12345
Connection established to port 12345
Connection established to port 12345
Store operation started for file file1.txt
Message sent to port 12345: STORE file2.txt 18
Store operation started for file file1.txt
Message sent to port 12345: STORE file1.txt 13
Message sent to port 12345: STORE file1.txt 13
Message sent to port 12345: STORE file2.txt 18
Message received from port 12345: STORE_TO 12347 12346 12348
Message sent to port 12345: STORE file1.txt 13
Message sent to port 12345: STORE file2.txt 18
Store operation started for file file1.txt
Message sent to port 12345: STORE file1.txt 13
Message sent to port 12345: STORE file1.txt 13
Message received from port 12345: STORE_TO 12347 12346 12348
Store operation started for file file2.txt
Store operation started for file file1.txt
Store operation started for file file1.txt
Store operation started for file file2.txt
Controller replied to store file1.txt in these Dstores: 12347 12346 12348 
Store operation started for file file2.txt
Message received from port 12345: STORE_TO 12347 12346 12348
Message received from port 12345: STORE_TO 12347 12346 12348
Store operation started for file file1.txt
Store operation started for file file1.txt
Controller replied to store file1.txt in these Dstores: 12347 12346 12348 
Message received from port 12345: STORE_TO 12347 12346 12348
Message received from port 12345: STORE_TO 12347 12346 12348
Message received from port 12345: STORE_TO 12347 12346 12348
Message received from port 12345: STORE_TO 12347 12346 12348
Controller replied to store file2.txt in these Dstores: 12347 12346 12348 
Connection established to port 12347
Controller replied to store file1.txt in these Dstores: 12347 12346 12348 
Message received from port 12345: STORE_TO 12347 12346 12348
Message received from port 12345: STORE_TO 12347 12346 12348
Controller replied to store file2.txt in these Dstores: 12347 12346 12348 
Connection established to port 12347
Controller replied to store file1.txt in these Dstores: 12347 12346 12348 
Controller replied to store file1.txt in these Dstores: 12347 12346 12348 
Controller replied to store file2.txt in these Dstores: 12347 12346 12348 
Connection established to port 12347
Message sent to port 12347: STORE file1.txt 13
Connection established to port 12347
Controller replied to store file1.txt in these Dstores: 12347 12346 12348 
Controller replied to store file1.txt in these Dstores: 12347 12346 12348 
Connection established to port 12347
Message sent to port 12347: STORE file1.txt 13
Connection established to port 12347
Connection established to port 12347
Message sent to port 12347: STORE file2.txt 18
Connection established to port 12347
Storing file file1.txt to Dstore 12347
Message sent to port 12347: STORE file1.txt 13
Connection established to port 12347
Connection established to port 12347
Message sent to port 12347: STORE file2.txt 18
Storing file file1.txt to Dstore 12347
Message sent to port 12347: STORE file1.txt 13
Message sent to port 12347: STORE file1.txt 13
Storing file file2.txt to Dstore 12347
Message sent to port 12347: STORE file2.txt 18
Message received from port 12347: ACK
Storing file file1.txt to Dstore 12347
Message sent to port 12347: STORE file1.txt 13
Message sent to port 12347: STORE file1.txt 13
Storing file file2.txt to Dstore 12347
Message received from port 12347: ACK
Storing file file1.txt to Dstore 12347
Storing file file1.txt to Dstore 12347
Message received from port 12347: ACK
Storing file file2.txt to Dstore 12347
ACK received from Dstore 12347 to store file file1.txt
Message received from port 12347: ACK
Storing file file1.txt to Dstore 12347
Storing file file1.txt to Dstore 12347
Message received from port 12347: ACK
ACK received from Dstore 12347 to store file file1.txt
Message received from port 12347: ACK
Message received from port 12347: ACK
ACK received from Dstore 12347 to store file file2.txt
Message received from port 12347: ACK
Store of file file1.txt to Dstore 12347 successfully completed
ACK received from Dstore 12347 to store file file1.txt
Store of file file1.txt to Dstore 12347 successfully completed
Message received from port 12347: ACK
Message received from port 12347: ACK
ACK received from Dstore 12347 to store file file2.txt
Store of file file1.txt to Dstore 12347 successfully completed
ACK received from Dstore 12347 to store file file1.txt
ACK received from Dstore 12347 to store file file1.txt
Store of file file2.txt to Dstore 12347 successfully completed
ACK received from Dstore 12347 to store file file2.txt
ACK received from Dstore 12347 to store file file1.txt
Connection established to port 12346
Connection established to port 12346
ACK received from Dstore 12347 to store file file1.txt
Store of file file2.txt to Dstore 12347 successfully completed
Connection established to port 12346
Store of file file1.txt to Dstore 12347 successfully completed
Message sent to port 12346: STORE file1.txt 13
Store of file file1.txt to Dstore 12347 successfully completed
Storing file file1.txt to Dstore 12346
Connection established to port 12346
Store of file file2.txt to Dstore 12347 successfully completed
Message received from port 12346: ACK
Store of file file1.txt to Dstore 12347 successfully completed
Message sent to port 12346: STORE file1.txt 13
Message sent to port 12346: STORE file1.txt 13
Store of file file1.txt to Dstore 12347 successfully completed
Connection established to port 12346
Connection established to port 12346
Connection established to port 12346
Connection established to port 12346
Message sent to port 12346: STORE file2.txt 18
Message sent to port 12346: STORE file1.txt 13
ACK received from Dstore 12346 to store file file1.txt
Connection established to port 12346
Storing file file1.txt to Dstore 12346
Message received from port 12346: ACK
Connection established to port 12346
Storing file file1.txt to Dstore 12346
Message sent to port 12346: STORE file1.txt 13
Message sent to port 12346: STORE file1.txt 13
Storing file file2.txt to Dstore 12346
Message sent to port 12346: STORE file2.txt 18
Message received from port 12346: ACK
Storing file file1.txt to Dstore 12346
Store of file file1.txt to Dstore 12346 successfully completed
Message sent to port 12346: STORE file2.txt 18
ACK received from Dstore 12346 to store file file1.txt
Message sent to port 12346: STORE file1.txt 13
Message received from port 12346: ACK
Storing file file1.txt to Dstore 12346
Storing file file1.txt to Dstore 12346
Storing file file2.txt to Dstore 12346
ACK received from Dstore 12346 to store file file2.txt
Message received from port 12346: ACK
Connection established to port 12348
Storing file file2.txt to Dstore 12346
Message received from port 12346: ACK
Store of file file1.txt to Dstore 12346 successfully completed
Storing file file1.txt to Dstore 12346
ACK received from Dstore 12346 to store file file1.txt
Message received from port 12346: ACK
Message received from port 12346: ACK
Message received from port 12346: ACK
Store of file file2.txt to Dstore 12346 successfully completed
ACK received from Dstore 12346 to store file file1.txt
Message sent to port 12348: STORE file1.txt 13
ACK received from Dstore 12346 to store file file2.txt
Message received from port 12346: ACK
Connection established to port 12348
Store of file file1.txt to Dstore 12346 successfully completed
ACK received from Dstore 12346 to store file file1.txt
ACK received from Dstore 12346 to store file file1.txt
ACK received from Dstore 12346 to store file file2.txt
Store of file file1.txt to Dstore 12346 successfully completed
Storing file file1.txt to Dstore 12348
Connection established to port 12348
Message received from port 12348: ACK
ACK received from Dstore 12348 to store file file1.txt
Store of file file2.txt to Dstore 12346 successfully completed
ACK received from Dstore 12346 to store file file1.txt
Store of file file1.txt to Dstore 12346 successfully completed
Message sent to port 12348: STORE file1.txt 13
Store of file file1.txt to Dstore 12346 successfully completed
Connection established to port 12348
Store of file file1.txt to Dstore 12346 successfully completed
Message sent to port 12348: STORE file1.txt 13
Storing file file1.txt to Dstore 12348
Store of file file2.txt to Dstore 12346 successfully completed
Store of file file1.txt to Dstore 12348 successfully completed
Message sent to port 12348: STORE file2.txt 18
Message received from port 12348: ACK
ACK received from Dstore 12348 to store file file1.txt
Connection established to port 12348
Connection established to port 12348
Store of file file1.txt to Dstore 12348 successfully completed
Message sent to port 12348: STORE file1.txt 13
Connection established to port 12348
Storing file file1.txt to Dstore 12348
Storing file file2.txt to Dstore 12348
Connection established to port 12348
Connection established to port 12348
Message received from port 12348: ACK
Connection established to port 12348
Message sent to port 12348: STORE file2.txt 18
Message sent to port 12348: STORE file1.txt 13
Storing file file1.txt to Dstore 12348
Message received from port 12348: ACK
Message sent to port 12348: STORE file2.txt 18
Message received from port 12348: ACK
Message sent to port 12348: STORE file1.txt 13
ACK received from Dstore 12348 to store file file2.txt
Message sent to port 12348: STORE file1.txt 13
Storing file file2.txt to Dstore 12348
Storing file file1.txt to Dstore 12348
ACK received from Dstore 12348 to store file file1.txt
Storing file file2.txt to Dstore 12348
ACK received from Dstore 12348 to store file file1.txt
Storing file file1.txt to Dstore 12348
Store of file file2.txt to Dstore 12348 successfully completed
Storing file file1.txt to Dstore 12348
Message received from port 12348: ACK
Message received from port 12348: ACK
Store of file file1.txt to Dstore 12348 successfully completed
Message received from port 12348: ACK
Store of file file1.txt to Dstore 12348 successfully completed
ACK received from Dstore 12348 to store file file2.txt
Store of file file2.txt to Dstore 12348 successfully completed
Message received from port 12348: ACK
Message received from port 12348: ACK
ACK received from Dstore 12348 to store file file2.txt
ACK received from Dstore 12348 to store file file1.txt
Message received from port 12345: STORE_COMPLETE
ACK received from Dstore 12348 to store file file1.txt
ACK received from Dstore 12348 to store file file1.txt
Store of file file1.txt to Dstore 12348 successfully completed
Store of file file2.txt to Dstore 12348 successfully completed
Store of file file1.txt to Dstore 12348 successfully completed
Store operation for file file2.txt completed
Store of file file1.txt to Dstore 12348 successfully completed
Message sent to port 12345: LIST
Message received from port 12345: STORE_COMPLETE
List operation started
Store operation for file file1.txt completed
Message received from port 12345: LIST file1.txt file2.txt
Message sent to port 12345: LIST
List operation successfully completed
List operation started
Message received from port 12345: LIST file1.txt file2.txt
List operation successfully completed
Message sent to port 12345: LIST
List operation started
Message sent to port 12345: LIST
Message received from port 12345: LIST file1.txt file2.txt
List operation started
List operation successfully completed
Message received from port 12345: LIST file1.txt file2.txt
List operation successfully completed
Timeout expired while reading from port 12345
Timeout expired while reading from port 12345
Message sent to port 12345: LIST
List operation started
Message received from port 12345: LIST file1.txt file2.txt
List operation successfully completed
Message sent to port 12345: LIST
List operation started
Message received from port 12345: LIST file1.txt file2.txt
List operation successfully completed
Timeout expired while reading from port 12345
Timeout expired while reading from port 12345
Timeout expired while reading from port 12345
Timeout expired while reading from port 12345
Timeout expired while reading from port 12345
Message sent to port 12345: LIST
List operation started
Timeout expired while reading from port 12345
Message received from port 12345: LIST file1.txt file2.txt
List operation successfully completed
Message sent to port 12345: LIST
List operation started
Message sent to port 12345: LIST
Message received from port 12345: LIST file1.txt file2.txt
List operation started
List operation successfully completed
Message received from port 12345: LIST file1.txt file2.txt
List operation successfully completed
Message sent to port 12345: LIST
List operation started
Message received from port 12345: LIST file1.txt file2.txt
List operation successfully completed
Message sent to port 12345: LIST
List operation started
Message received from port 12345: LIST file1.txt file2.txt
List operation successfully completed
Message sent to port 12345: LIST
List operation started
Message received from port 12345: LIST file1.txt file2.txt
List operation successfully completed
Message sent to port 12345: LIST
List operation started
Message received from port 12345: LIST file1.txt file2.txt
List operation successfully completed
Message sent to port 12345: LIST
List operation started
Message received from port 12345: LIST file1.txt file2.txt
List operation successfully completed
Message sent to port 12345: LIST
List operation started
Message received from port 12345: LIST file1.txt file2.txt
List operation successfully completed
Message sent to port 12345: LIST
List operation started
Message received from port 12345: LIST file1.txt file2.txt
List operation successfully completed
Message sent to port 12345: LIST
List operation started
Message received from port 12345: LIST file1.txt file2.txt
List operation successfully completed
Message sent to port 12345: LIST
List operation started
Message received from port 12345: LIST file1.txt file2.txt
List operation successfully completed
Message sent to port 12345: LIST
List operation started
Message received from port 12345: LIST file1.txt file2.txt
List operation successfully completed
Message sent to port 12345: LIST
List operation started
Message received from port 12345: LIST file1.txt file2.txt
List operation successfully completed
