Connection established to port 12345
Message sent to port 12345: LIST
List operation started
Message received from port 12345: LIST
List operation successfully completed
Message sent to port 12345: STORE file1.txt 13
Store operation started for file file1.txt
Message received from port 12345: STORE_TO 12347 12346 12348
Controller replied to store file1.txt in these Dstores: 12347 12346 12348 
Connection established to port 12347
Message sent to port 12347: STORE file1.txt 13
Storing file file1.txt to Dstore 12347
Message received from port 12347: ACK
ACK received from Dstore 12347 to store file file1.txt
Store of file file1.txt to Dstore 12347 successfully completed
Connection established to port 12346
Message sent to port 12346: STORE file1.txt 13
Storing file file1.txt to Dstore 12346
Message received from port 12346: ACK
ACK received from Dstore 12346 to store file file1.txt
Store of file file1.txt to Dstore 12346 successfully completed
Connection established to port 12348
Message sent to port 12348: STORE file1.txt 13
Storing file file1.txt to Dstore 12348
Message received from port 12348: ACK
ACK received from Dstore 12348 to store file file1.txt
Store of file file1.txt to Dstore 12348 successfully completed
Timeout expired while reading from port 12345
Message sent to port 12345: STORE file1.txt 13
Store operation started for file file1.txt
Message received from port 12345: STORE_TO 12347 12346 12348
Controller replied to store file1.txt in these Dstores: 12347 12346 12348 
Connection established to port 12347
Message sent to port 12347: STORE file1.txt 13
Storing file file1.txt to Dstore 12347
Message received from port 12347: ACK
ACK received from Dstore 12347 to store file file1.txt
Store of file file1.txt to Dstore 12347 successfully completed
Connection established to port 12346
Message sent to port 12346: STORE file1.txt 13
Storing file file1.txt to Dstore 12346
Message received from port 12346: ACK
ACK received from Dstore 12346 to store file file1.txt
Store of file file1.txt to Dstore 12346 successfully completed
Connection established to port 12348
Message sent to port 12348: STORE file1.txt 13
Storing file file1.txt to Dstore 12348
Message received from port 12348: ACK
ACK received from Dstore 12348 to store file file1.txt
Store of file file1.txt to Dstore 12348 successfully completed
Timeout expired while reading from port 12345
Message sent to port 12345: STORE file2.txt 18
Store operation started for file file2.txt
Message received from port 12345: STORE_TO 12347 12346 12348
Controller replied to store file2.txt in these Dstores: 12347 12346 12348 
Connection established to port 12347
Message sent to port 12347: STORE file2.txt 18
Storing file file2.txt to Dstore 12347
Message received from port 12347: ACK
ACK received from Dstore 12347 to store file file2.txt
Store of file file2.txt to Dstore 12347 successfully completed
Connection established to port 12346
Message sent to port 12346: STORE file2.txt 18
Storing file file2.txt to Dstore 12346
Message received from port 12346: ACK
ACK received from Dstore 12346 to store file file2.txt
Store of file file2.txt to Dstore 12346 successfully completed
Connection established to port 12348
Message sent to port 12348: STORE file2.txt 18
Storing file file2.txt to Dstore 12348
Message received from port 12348: ACK
ACK received from Dstore 12348 to store file file2.txt
Store of file file2.txt to Dstore 12348 successfully completed
Timeout expired while reading from port 12345
Message sent to port 12345: LIST
List operation started
Message received from port 12345: LIST
List operation successfully completed
Message sent to port 12345: LIST
List operation started
Message received from port 12345: LIST
List operation successfully completed
Connection established to port 12345
Connection established to port 12345
Connection established to port 12345
Connection established to port 12345
Connection established to port 12345
Connection established to port 12345
Connection established to port 12345
Message sent to port 12345: STORE file2.txt 18
Message sent to port 12345: STORE file1.txt 13
Connection established to port 12345
Message sent to port 12345: STORE file2.txt 18
Connection established to port 12345
Message sent to port 12345: STORE file2.txt 18
Message sent to port 12345: STORE file1.txt 13
Store operation started for file file1.txt
Connection established to port 12345
Message sent to port 12345: STORE file2.txt 18
Store operation started for file file2.txt
Message received from port 12345: STORE_TO 12347 12346 12348
Store operation started for file file2.txt
Message sent to port 12345: STORE file1.txt 13
Message received from port 12345: STORE_TO 12347 12346 12348
Store operation started for file file1.txt
Message sent to port 12345: STORE file1.txt 13
Store operation started for file file2.txt
Message sent to port 12345: STORE file1.txt 13
Message received from port 12345: STORE_TO 12347 12346 12348
Store operation started for file file2.txt
Message sent to port 12345: STORE file1.txt 13
Message received from port 12345: STORE_TO 12347 12346 12348
Controller replied to store file1.txt in these Dstores: 12347 12346 12348 
Store operation started for file file1.txt
Connection established to port 12347
Message received from port 12345: STORE_TO 12347 12346 12348
Controller replied to store file2.txt in these Dstores: 12347 12346 12348 
Message received from port 12345: STORE_TO 12347 12346 12348
Store operation started for file file1.txt
Store operation started for file file1.txt
Controller replied to store file2.txt in these Dstores: 12347 12346 12348 
Message received from port 12345: STORE_TO 12347 12346 12348
Store operation started for file file1.txt
Controller replied to store file2.txt in these Dstores: 12347 12346 12348 
Message sent to port 12347: STORE file1.txt 13
Controller replied to store file1.txt in these Dstores: 12347 12346 12348 
Controller replied to store file1.txt in these Dstores: 12347 12346 12348 
Connection established to port 12347
Message received from port 12345: STORE_TO 12347 12346 12348
Message sent to port 12347: STORE file2.txt 18
Message received from port 12345: STORE_TO 12347 12346 12348
Connection established to port 12347
Controller replied to store file2.txt in these Dstores: 12347 12346 12348 
Message received from port 12345: STORE_TO 12347 12346 12348
Connection established to port 12347
Storing file file1.txt to Dstore 12347
Connection established to port 12347
Connection established to port 12347
Controller replied to store file1.txt in these Dstores: 12347 12346 12348 
Storing file file2.txt to Dstore 12347
Controller replied to store file1.txt in these Dstores: 12347 12346 12348 
Message sent to port 12347: STORE file2.txt 18
Connection established to port 12347
Storing file file2.txt to Dstore 12347
Controller replied to store file1.txt in these Dstores: 12347 12346 12348 
Message sent to port 12347: STORE file2.txt 18
Message received from port 12347: ACK
Message sent to port 12347: STORE file1.txt 13
Message sent to port 12347: STORE file1.txt 13
Connection established to port 12347
Message received from port 12347: ACK
Connection established to port 12347
Message sent to port 12347: STORE file2.txt 18
Message received from port 12347: ACK
Connection established to port 12347
Storing file file2.txt to Dstore 12347
ACK received from Dstore 12347 to store file file1.txt
Storing file file1.txt to Dstore 12347
Message received from port 12347: ACK
ACK received from Dstore 12347 to store file file1.txt
Store of file file1.txt to Dstore 12347 successfully completed
Storing file file1.txt to Dstore 12347
Message sent to port 12347: STORE file1.txt 13
ACK received from Dstore 12347 to store file file2.txt
Message sent to port 12347: STORE file1.txt 13
Storing file file2.txt to Dstore 12347
ACK received from Dstore 12347 to store file file2.txt
Message sent to port 12347: STORE file1.txt 13
Message received from port 12347: ACK
Store of file file1.txt to Dstore 12347 successfully completed
Connection established to port 12346
Message received from port 12347: ACK
Storing file file1.txt to Dstore 12347
Message received from port 12347: ACK
Store of file file2.txt to Dstore 12347 successfully completed
Storing file file1.txt to Dstore 12347
Message received from port 12347: ACK
Message received from port 12347: ACK
Store of file file2.txt to Dstore 12347 successfully completed
Storing file file1.txt to Dstore 12347
ACK received from Dstore 12347 to store file file2.txt
Connection established to port 12346
Message sent to port 12346: STORE file1.txt 13
ACK received from Dstore 12347 to store file file1.txt
Storing file file1.txt to Dstore 12346
Message received from port 12346: ACK
ACK received from Dstore 12347 to store file file1.txt
ACK received from Dstore 12347 to store file file1.txt
Connection established to port 12346
ACK received from Dstore 12347 to store file file2.txt
Message received from port 12347: ACK
Connection established to port 12346
Store of file file2.txt to Dstore 12347 successfully completed
Message sent to port 12346: STORE file1.txt 13
Store of file file1.txt to Dstore 12347 successfully completed
ACK received from Dstore 12346 to store file file1.txt
Store of file file1.txt to Dstore 12347 successfully completed
Store of file file1.txt to Dstore 12347 successfully completed
Message sent to port 12346: STORE file2.txt 18
Store of file file2.txt to Dstore 12347 successfully completed
ACK received from Dstore 12347 to store file file1.txt
Message sent to port 12346: STORE file2.txt 18
Storing file file1.txt to Dstore 12346
Connection established to port 12346
Connection established to port 12346
Store of file file1.txt to Dstore 12346 successfully completed
Connection established to port 12346
Connection established to port 12346
Storing file file2.txt to Dstore 12346
Connection established to port 12346
Store of file file1.txt to Dstore 12347 successfully completed
Storing file file2.txt to Dstore 12346
Message received from port 12346: ACK
Message sent to port 12346: STORE file2.txt 18
Message sent to port 12346: STORE file1.txt 13
Connection established to port 12348
Message sent to port 12346: STORE file1.txt 13
Message sent to port 12346: STORE file1.txt 13
Message received from port 12346: ACK
Message sent to port 12346: STORE file2.txt 18
Message received from port 12346: ACK
Connection established to port 12346
ACK received from Dstore 12346 to store file file1.txt
Store of file file1.txt to Dstore 12346 successfully completed
Storing file file2.txt to Dstore 12346
Storing file file1.txt to Dstore 12346
Message sent to port 12348: STORE file1.txt 13
Storing file file1.txt to Dstore 12346
Storing file file1.txt to Dstore 12346
ACK received from Dstore 12346 to store file file2.txt
Storing file file2.txt to Dstore 12346
ACK received from Dstore 12346 to store file file2.txt
Message sent to port 12346: STORE file1.txt 13
Connection established to port 12348
Message received from port 12346: ACK
Message received from port 12346: ACK
Storing file file1.txt to Dstore 12348
Message received from port 12346: ACK
Message received from port 12346: ACK
Store of file file2.txt to Dstore 12346 successfully completed
Message received from port 12346: ACK
Store of file file2.txt to Dstore 12346 successfully completed
Storing file file1.txt to Dstore 12346
Message sent to port 12348: STORE file1.txt 13
ACK received from Dstore 12346 to store file file2.txt
ACK received from Dstore 12346 to store file file1.txt
Message received from port 12348: ACK
ACK received from Dstore 12346 to store file file1.txt
ACK received from Dstore 12346 to store file file1.txt
Connection established to port 12348
ACK received from Dstore 12346 to store file file2.txt
Message received from port 12346: ACK
Connection established to port 12348
Storing file file1.txt to Dstore 12348
Store of file file2.txt to Dstore 12346 successfully completed
Store of file file1.txt to Dstore 12346 successfully completed
ACK received from Dstore 12348 to store file file1.txt
Store of file file1.txt to Dstore 12348 successfully completed
Store of file file1.txt to Dstore 12346 successfully completed
Store of file file1.txt to Dstore 12346 successfully completed
Message sent to port 12348: STORE file2.txt 18
Store of file file2.txt to Dstore 12346 successfully completed
ACK received from Dstore 12346 to store file file1.txt
Message sent to port 12348: STORE file2.txt 18
Message received from port 12348: ACK
Connection established to port 12348
Connection established to port 12348
Connection established to port 12348
Connection established to port 12348
Storing file file2.txt to Dstore 12348
Connection established to port 12348
Store of file file1.txt to Dstore 12346 successfully completed
Storing file file2.txt to Dstore 12348
ACK received from Dstore 12348 to store file file1.txt
Store of file file1.txt to Dstore 12348 successfully completed
Message sent to port 12348: STORE file2.txt 18
Message sent to port 12348: STORE file1.txt 13
Message sent to port 12348: STORE file1.txt 13
Message sent to port 12348: STORE file1.txt 13
Message received from port 12348: ACK
Message sent to port 12348: STORE file2.txt 18
Connection established to port 12348
Message received from port 12348: ACK
Storing file file2.txt to Dstore 12348
Storing file file1.txt to Dstore 12348
Storing file file1.txt to Dstore 12348
Storing file file1.txt to Dstore 12348
ACK received from Dstore 12348 to store file file2.txt
Storing file file2.txt to Dstore 12348
Message sent to port 12348: STORE file1.txt 13
ACK received from Dstore 12348 to store file file2.txt
Message received from port 12348: ACK
Message received from port 12348: ACK
Message received from port 12348: ACK
Message received from port 12348: ACK
Store of file file2.txt to Dstore 12348 successfully completed
Message received from port 12348: ACK
Storing file file1.txt to Dstore 12348
Store of file file2.txt to Dstore 12348 successfully completed
ACK received from Dstore 12348 to store file file2.txt
ACK received from Dstore 12348 to store file file1.txt
ACK received from Dstore 12348 to store file file1.txt
ACK received from Dstore 12348 to store file file1.txt
ACK received from Dstore 12348 to store file file2.txt
Message received from port 12348: ACK
Store of file file2.txt to Dstore 12348 successfully completed
Store of file file1.txt to Dstore 12348 successfully completed
Store of file file1.txt to Dstore 12348 successfully completed
Store of file file1.txt to Dstore 12348 successfully completed
Store of file file2.txt to Dstore 12348 successfully completed
ACK received from Dstore 12348 to store file file1.txt
Store of file file1.txt to Dstore 12348 successfully completed
Timeout expired while reading from port 12345
Message sent to port 12345: LIST
List operation started
Message received from port 12345: LIST
List operation successfully completed
Message sent to port 12345: LIST
List operation started
Message received from port 12345: LIST
List operation successfully completed
Timeout expired while reading from port 12345
Timeout expired while reading from port 12345
Timeout expired while reading from port 12345
Timeout expired while reading from port 12345
Timeout expired while reading from port 12345
Timeout expired while reading from port 12345
Timeout expired while reading from port 12345
Timeout expired while reading from port 12345
Message sent to port 12345: LIST
Timeout expired while reading from port 12345
List operation started
Message received from port 12345: LIST
List operation successfully completed
Message sent to port 12345: LIST
List operation started
Message received from port 12345: LIST
List operation successfully completed
Message sent to port 12345: LIST
List operation started
Message received from port 12345: LIST
List operation successfully completed
Message sent to port 12345: LIST
List operation started
Message received from port 12345: LIST
List operation successfully completed
Message sent to port 12345: LIST
List operation started
Message received from port 12345: LIST
List operation successfully completed
Message sent to port 12345: LIST
List operation started
Message received from port 12345: LIST
List operation successfully completed
Message sent to port 12345: LIST
List operation started
Message received from port 12345: LIST
List operation successfully completed
Message sent to port 12345: LIST
List operation started
Message received from port 12345: LIST
List operation successfully completed
Message sent to port 12345: LIST
List operation started
Message received from port 12345: LIST
List operation successfully completed
Message sent to port 12345: LIST
List operation started
Message received from port 12345: LIST
List operation successfully completed
Message sent to port 12345: LIST
List operation started
Message received from port 12345: LIST
List operation successfully completed
Message sent to port 12345: LIST
List operation started
Message received from port 12345: LIST
List operation successfully completed
Message sent to port 12345: LIST
List operation started
Message received from port 12345: LIST
List operation successfully completed
Message sent to port 12345: LIST
List operation started
Message received from port 12345: LIST
List operation successfully completed
Message sent to port 12345: LIST
List operation started
Message received from port 12345: LIST
List operation successfully completed
Message sent to port 12345: LIST
List operation started
Message received from port 12345: LIST
List operation successfully completed
Message sent to port 12345: LIST
List operation started
Message received from port 12345: LIST
List operation successfully completed
Message sent to port 12345: LIST
List operation started
Message received from port 12345: LIST
List operation successfully completed
