Connection established to port 12345
Message sent to port 12345: LIST
List operation started
Message received from port 12345: ERROR_NOT_ENOUGH_DSTORES
ERROR: Not enough Dstores have joined the data store yet
List operation failed
Message sent to port 12345: STORE file1.txt 13
Store operation started for file file1.txt
Message received from port 12345: ERROR_NOT_ENOUGH_DSTORES
ERROR: Not enough Dstores have joined the data store yet
Message sent to port 12345: STORE file1.txt 13
Store operation started for file file1.txt
Message received from port 12345: ERROR_NOT_ENOUGH_DSTORES
ERROR: Not enough Dstores have joined the data store yet
Message sent to port 12345: LIST
List operation started
Message received from port 12345: ERROR_NOT_ENOUGH_DSTORES
ERROR: Not enough Dstores have joined the data store yet
List operation failed
Message sent to port 12345: LIST
List operation started
Message received from port 12345: ERROR_NOT_ENOUGH_DSTORES
ERROR: Not enough Dstores have joined the data store yet
List operation failed
Connection established to port 12345
Connection established to port 12345
Connection established to port 12345
Connection established to port 12345
Connection established to port 12345
Message sent to port 12345: LIST
Message sent to port 12345: LIST
Message sent to port 12345: LIST
List operation started
Message sent to port 12345: LIST
Message sent to port 12345: LIST
List operation started
Connection established to port 12345
Connection established to port 12345
Connection established to port 12345
List operation started
List operation started
Connection established to port 12345
Connection established to port 12345
Message received from port 12345: ERROR_NOT_ENOUGH_DSTORES
List operation started
Message received from port 12345: ERROR_NOT_ENOUGH_DSTORES
Message received from port 12345: ERROR_NOT_ENOUGH_DSTORES
ERROR: Not enough Dstores have joined the data store yet
Message received from port 12345: ERROR_NOT_ENOUGH_DSTORES
ERROR: Not enough Dstores have joined the data store yet
Message received from port 12345: ERROR_NOT_ENOUGH_DSTORES
ERROR: Not enough Dstores have joined the data store yet
List operation failed
Message sent to port 12345: LIST
List operation failed
Message sent to port 12345: LIST
List operation started
Message sent to port 12345: LIST
ERROR: Not enough Dstores have joined the data store yet
Message sent to port 12345: LIST
Message sent to port 12345: LIST
List operation failed
ERROR: Not enough Dstores have joined the data store yet
List operation started
Message received from port 12345: ERROR_NOT_ENOUGH_DSTORES
List operation started
List operation failed
List operation started
List operation started
List operation failed
Message received from port 12345: ERROR_NOT_ENOUGH_DSTORES
ERROR: Not enough Dstores have joined the data store yet
Message received from port 12345: ERROR_NOT_ENOUGH_DSTORES
Message received from port 12345: ERROR_NOT_ENOUGH_DSTORES
Message received from port 12345: ERROR_NOT_ENOUGH_DSTORES
ERROR: Not enough Dstores have joined the data store yet
List operation failed
ERROR: Not enough Dstores have joined the data store yet
ERROR: Not enough Dstores have joined the data store yet
ERROR: Not enough Dstores have joined the data store yet
List operation failed
List operation failed
List operation failed
List operation failed
